2025.05.17 14:29:49 INFO  no build target found for C:\Users\JohnS\OneDrive\Documents\Local-Repos\Brooklyn-College\CISC_7510X\HW9\main.scala. Using presentation compiler with project's scala-library version: 3.3.6
2025.05.17 14:29:50 INFO  no build target found for C:\Users\JohnS\OneDrive\Documents\Local-Repos\Brooklyn-College\CISC_7510X\HW9\main.scala. Using presentation compiler with project's scala-library version: 3.3.6
2025.05.17 14:29:50 INFO  no build target found for C:\Users\JohnS\OneDrive\Documents\Local-Repos\Brooklyn-College\CISC_7510X\HW9\main.scala. Using presentation compiler with project's scala-library version: 3.3.6
May 17, 2025 2:29:50 PM org.eclipse.lsp4j.jsonrpc.RemoteEndpoint handleCancellation
WARNING: Unmatched cancel notification for request id 2
2025.05.17 14:29:51 INFO  Running List(C:\Users\JohnS\AppData\Local\Coursier\data\bin\scala-cli.BAT, setup-ide, C:\Users\JohnS\OneDrive\Documents\Local-Repos\Brooklyn-College)
2025.05.17 14:29:51 INFO  Attempting to connect to the build server...
2025.05.17 14:29:51 INFO  Running BSP server List(C:\Users\JohnS\AppData\Local\Coursier\data\bin\.scala-cli.aux.exe, bsp, --json-options, C:\Users\JohnS\OneDrive\Documents\Local-Repos\Brooklyn-College\.scala-build\ide-options-v2.json, --json-launcher-options, C:\Users\JohnS\OneDrive\Documents\Local-Repos\Brooklyn-College\.scala-build\ide-launcher-options.json, --envs-file, C:\Users\JohnS\OneDrive\Documents\Local-Repos\Brooklyn-College\.scala-build\ide-envs.json, C:\Users\JohnS\OneDrive\Documents\Local-Repos\Brooklyn-College)
2025.05.17 14:29:51 INFO  tracing is disabled for protocol BSP, to enable tracing of incoming and outgoing JSON messages create an empty file at C:\Users\JohnS\OneDrive\Documents\Local-Repos\Brooklyn-College\.metals\bsp.trace.json or C:\Users\JohnS\AppData\Local\scalameta\metals\cache\bsp.trace.json
2025.05.17 14:29:53 INFO  no build target found for C:\Users\JohnS\OneDrive\Documents\Local-Repos\Brooklyn-College\CISC_7510X\HW9\main.scala. Using presentation compiler with project's scala-library version: 3.3.6
2025.05.17 14:29:53 INFO  no build target found for C:\Users\JohnS\OneDrive\Documents\Local-Repos\Brooklyn-College\CISC_7510X\HW9\main.scala. Using presentation compiler with project's scala-library version: 3.3.6
2025.05.17 14:29:54 INFO  time: Connected to build server in 2.41s
2025.05.17 14:29:54 INFO  Connected to Build server: scala-cli v1.7.1
2025.05.17 14:29:54 INFO  compiling brooklyn-college_63c142f3d4 (1 scala source and 1 java source)
2025.05.17 14:29:54 INFO  time: compiled Brooklyn-College_63c142f3d4 in 0.92s
2025.05.17 14:29:54 INFO  compiling brooklyn-college_63c142f3d4 (1 scala source and 1 java source)
2025.05.17 14:29:55 INFO  time: compiled Brooklyn-College_63c142f3d4 in 0.52s
2025.05.17 14:29:59 INFO  time: indexed workspace in 5.11s
2025.05.17 14:29:59 INFO  compiling brooklyn-college_63c142f3d4 (1 scala source and 1 java source)
2025.05.17 14:29:59 INFO  time: compiled Brooklyn-College_63c142f3d4 in 0.32s
2025.05.17 14:30:12 INFO  Shutting down server
2025.05.17 14:30:12 INFO  shutting down Metals
2025.05.17 14:30:12 INFO  Shut down connection with build server.
2025.05.17 14:30:12 INFO  Exiting server
2025.05.17 14:30:23 INFO  Started: Metals version 1.5.3 in folders 'C:\Users\JohnS\OneDrive\Documents\Local-Repos\Brooklyn-College' for client Visual Studio Code 1.100.2.
2025.05.17 14:30:24 INFO  no build target found for C:\Users\JohnS\OneDrive\Documents\Local-Repos\Brooklyn-College\CISC_7510X\HW9\main.scala. Using presentation compiler with project's scala-library version: 3.3.6
2025.05.17 14:30:26 INFO  no build target found for C:\Users\JohnS\OneDrive\Documents\Local-Repos\Brooklyn-College\CISC_7510X\HW9\main.scala. Using presentation compiler with project's scala-library version: 3.3.6
2025.05.17 14:30:26 INFO  Attempting to connect to the build server...
2025.05.17 14:30:26 INFO  Running BSP server List(C:\Users\JohnS\AppData\Local\Coursier\data\bin\.scala-cli.aux.exe, bsp, --json-options, C:\Users\JohnS\OneDrive\Documents\Local-Repos\Brooklyn-College\.scala-build\ide-options-v2.json, --json-launcher-options, C:\Users\JohnS\OneDrive\Documents\Local-Repos\Brooklyn-College\.scala-build\ide-launcher-options.json, --envs-file, C:\Users\JohnS\OneDrive\Documents\Local-Repos\Brooklyn-College\.scala-build\ide-envs.json, C:\Users\JohnS\OneDrive\Documents\Local-Repos\Brooklyn-College)
2025.05.17 14:30:26 INFO  tracing is disabled for protocol BSP, to enable tracing of incoming and outgoing JSON messages create an empty file at C:\Users\JohnS\OneDrive\Documents\Local-Repos\Brooklyn-College\.metals\bsp.trace.json or C:\Users\JohnS\AppData\Local\scalameta\metals\cache\bsp.trace.json
2025.05.17 14:30:28 INFO  no build target found for C:\Users\JohnS\OneDrive\Documents\Local-Repos\Brooklyn-College\CISC_7510X\HW9\main.scala. Using presentation compiler with project's scala-library version: 3.3.6
2025.05.17 14:30:28 ERROR scalafmt: C:\Users\JohnS\OneDrive\Documents\Local-Repos\Brooklyn-College\.scalafmt.conf: Invalid config: 2 errors
[E0] C:\Users\JohnS\OneDrive\Documents\Local-Repos\Brooklyn-College\.scalafmt.conf:9:0 error: found option 'danglingParentheses' which wasn't expected, or isn't valid in this context.
  danglingParentheses.preset = true
^

[E1] Presets$: top-level presets removed since v3.0.0; use 'danglingParentheses.preset = true' instead

2025.05.17 14:30:28 INFO  no build target found for C:\Users\JohnS\OneDrive\Documents\Local-Repos\Brooklyn-College\CISC_7510X\HW9\main.scala. Using presentation compiler with project's scala-library version: 3.3.6
2025.05.17 14:30:28 WARN  no build target for: C:\Users\JohnS\OneDrive\Documents\Local-Repos\Brooklyn-College\CISC_7510X\HW9\main.scala
2025.05.17 14:30:28 INFO  time: Connected to build server in 2.72s
2025.05.17 14:30:28 INFO  Connected to Build server: scala-cli v1.7.1
2025.05.17 14:30:29 INFO  compiling brooklyn-college_63c142f3d4 (1 scala source and 1 java source)
2025.05.17 14:30:29 INFO  Required scalafmt dialect rewrite to 'scala3'. Directories:
- CISC_7510X\HW9\main.scala
2025.05.17 14:30:29 INFO  time: compiled Brooklyn-College_63c142f3d4 in 0.75s
2025.05.17 14:30:29 INFO  compiling brooklyn-college_63c142f3d4 (1 scala source and 1 java source)
2025.05.17 14:30:30 INFO  time: compiled Brooklyn-College_63c142f3d4 in 0.32s
2025.05.17 14:30:32 INFO  time: indexed workspace in 4.25s
2025.05.17 14:30:33 INFO  compiling brooklyn-college_63c142f3d4 (1 scala source and 1 java source)
2025.05.17 14:30:33 INFO  time: compiled Brooklyn-College_63c142f3d4 in 0.29s
2025.05.17 14:31:03 ERROR scalafmt: C:\Users\JohnS\OneDrive\Documents\Local-Repos\Brooklyn-College\.scalafmt.conf: Invalid config: 2 errors
[E0] C:\Users\JohnS\OneDrive\Documents\Local-Repos\Brooklyn-College\.scalafmt.conf:9:0 error: found option 'danglingParentheses' which wasn't expected, or isn't valid in this context.
  danglingParentheses.preset = true
^

[E1] Presets$: top-level presets removed since v3.0.0; use 'danglingParentheses.preset = true' instead

2025.05.17 14:31:04 INFO  compiling brooklyn-college_63c142f3d4 (1 scala source and 1 java source)
2025.05.17 14:31:04 INFO  time: compiled Brooklyn-College_63c142f3d4 in 0.37s
2025.05.17 14:31:22 ERROR scalafmt: C:\Users\JohnS\OneDrive\Documents\Local-Repos\Brooklyn-College\.scalafmt.conf: Invalid config: 2 errors
[E0] C:\Users\JohnS\OneDrive\Documents\Local-Repos\Brooklyn-College\.scalafmt.conf:9:0 error: found option 'danglingParentheses' which wasn't expected, or isn't valid in this context.
  danglingParentheses.preset = true
^

[E1] Presets$: top-level presets removed since v3.0.0; use 'danglingParentheses.preset = true' instead

2025.05.17 14:31:22 INFO  compiling brooklyn-college_63c142f3d4 (1 scala source and 1 java source)
2025.05.17 14:31:22 INFO  time: compiled Brooklyn-College_63c142f3d4 in 0.25s
2025.05.17 14:35:33 ERROR scalafmt: C:\Users\JohnS\OneDrive\Documents\Local-Repos\Brooklyn-College\.scalafmt.conf: Invalid config: 2 errors
[E0] C:\Users\JohnS\OneDrive\Documents\Local-Repos\Brooklyn-College\.scalafmt.conf:9:0 error: found option 'danglingParentheses' which wasn't expected, or isn't valid in this context.
  danglingParentheses.preset = true
^

[E1] Presets$: top-level presets removed since v3.0.0; use 'danglingParentheses.preset = true' instead

May 17, 2025 2:35:33 PM scala.meta.internal.metals.StdReporter $anonfun$create$1
WARNING: empty definition using pc, found symbol in pc: `<none>`. (full report at: C:\Users\JohnS\OneDrive\Documents\Local-Repos\Brooklyn-College\.metals\.reports\metals-full\2025-05-17\r_empty-definition_(Brooklyn-College_63c142f3d4)_14-35-33-076.md)
2025.05.17 14:35:42 ERROR scalafmt: C:\Users\JohnS\OneDrive\Documents\Local-Repos\Brooklyn-College\.scalafmt.conf: Invalid config: 2 errors
[E0] C:\Users\JohnS\OneDrive\Documents\Local-Repos\Brooklyn-College\.scalafmt.conf:9:0 error: found option 'danglingParentheses' which wasn't expected, or isn't valid in this context.
  danglingParentheses.preset = true
^

[E1] Presets$: top-level presets removed since v3.0.0; use 'danglingParentheses.preset = true' instead

2025.05.17 14:35:42 INFO  compiling brooklyn-college_63c142f3d4 (1 scala source and 1 java source)
2025.05.17 14:35:42 INFO  time: compiled Brooklyn-College_63c142f3d4 in 0.34s
2025.05.17 14:39:23 ERROR scalafmt: C:\Users\JohnS\OneDrive\Documents\Local-Repos\Brooklyn-College\.scalafmt.conf: Invalid config: 2 errors
[E0] C:\Users\JohnS\OneDrive\Documents\Local-Repos\Brooklyn-College\.scalafmt.conf:9:0 error: found option 'danglingParentheses' which wasn't expected, or isn't valid in this context.
  danglingParentheses.preset = true
^

[E1] Presets$: top-level presets removed since v3.0.0; use 'danglingParentheses.preset = true' instead

2025.05.17 14:39:23 INFO  compiling brooklyn-college_63c142f3d4 (1 scala source and 1 java source)
2025.05.17 14:39:23 INFO  time: compiled Brooklyn-College_63c142f3d4 in 0.49s
May 17, 2025 2:39:46 PM scala.meta.internal.pc.CompilerAccess handleError
SEVERE: A severe compiler error occurred, full details of the error can be found in the error report C:\Users\JohnS\OneDrive\Documents\Local-Repos\Brooklyn-College\.metals\.reports\metals-full\2025-05-17\r_compiler-error_(Brooklyn-College_63c142f3d4)_14-39-46-262.md
May 17, 2025 2:39:47 PM org.eclipse.lsp4j.jsonrpc.RemoteEndpoint handleCancellation
WARNING: Unmatched cancel notification for request id 309
May 17, 2025 2:40:17 PM scala.meta.internal.metals.StdReporter $anonfun$create$1
WARNING: empty definition using pc, found symbol in pc: `<none>`. (full report at: C:\Users\JohnS\OneDrive\Documents\Local-Repos\Brooklyn-College\.metals\.reports\metals-full\2025-05-17\r_empty-definition_(Brooklyn-College_63c142f3d4)_14-35-33-076.md)
May 17, 2025 2:40:17 PM scala.meta.internal.metals.StdReporter $anonfun$create$1
WARNING: empty definition using pc, found symbol in pc: `<none>`. (full report at: C:\Users\JohnS\OneDrive\Documents\Local-Repos\Brooklyn-College\.metals\.reports\metals-full\2025-05-17\r_empty-definition_(Brooklyn-College_63c142f3d4)_14-35-33-076.md)
May 17, 2025 2:40:17 PM scala.meta.internal.metals.StdReporter $anonfun$create$1
WARNING: empty definition using pc, found symbol in pc: `<none>`. (full report at: C:\Users\JohnS\OneDrive\Documents\Local-Repos\Brooklyn-College\.metals\.reports\metals-full\2025-05-17\r_empty-definition_(Brooklyn-College_63c142f3d4)_14-35-33-076.md)
May 17, 2025 2:40:46 PM scala.meta.internal.metals.StdReporter $anonfun$create$1
WARNING: empty definition using pc, found symbol in pc: `<none>`. (full report at: C:\Users\JohnS\OneDrive\Documents\Local-Repos\Brooklyn-College\.metals\.reports\metals-full\2025-05-17\r_empty-definition_(Brooklyn-College_63c142f3d4)_14-35-33-076.md)
May 17, 2025 2:40:46 PM scala.meta.internal.metals.StdReporter $anonfun$create$1
WARNING: empty definition using pc, found symbol in pc: `<none>`. (full report at: C:\Users\JohnS\OneDrive\Documents\Local-Repos\Brooklyn-College\.metals\.reports\metals-full\2025-05-17\r_empty-definition_(Brooklyn-College_63c142f3d4)_14-35-33-076.md)
May 17, 2025 2:41:46 PM scala.meta.internal.metals.StdReporter $anonfun$create$1
WARNING: empty definition using pc, found symbol in pc: `<none>`. (full report at: C:\Users\JohnS\OneDrive\Documents\Local-Repos\Brooklyn-College\.metals\.reports\metals-full\2025-05-17\r_empty-definition_(Brooklyn-College_63c142f3d4)_14-35-33-076.md)
May 17, 2025 2:41:46 PM scala.meta.internal.metals.StdReporter $anonfun$create$1
WARNING: empty definition using pc, found symbol in pc: `<none>`. (full report at: C:\Users\JohnS\OneDrive\Documents\Local-Repos\Brooklyn-College\.metals\.reports\metals-full\2025-05-17\r_empty-definition_(Brooklyn-College_63c142f3d4)_14-35-33-076.md)
May 17, 2025 2:41:48 PM scala.meta.internal.metals.StdReporter $anonfun$create$1
WARNING: empty definition using pc, found symbol in pc: `<none>`. (full report at: C:\Users\JohnS\OneDrive\Documents\Local-Repos\Brooklyn-College\.metals\.reports\metals-full\2025-05-17\r_empty-definition_(Brooklyn-College_63c142f3d4)_14-35-33-076.md)
May 17, 2025 2:42:19 PM org.eclipse.lsp4j.jsonrpc.RemoteEndpoint handleCancellation
WARNING: Unmatched cancel notification for request id 814
May 17, 2025 2:42:42 PM org.eclipse.lsp4j.jsonrpc.RemoteEndpoint handleCancellation
WARNING: Unmatched cancel notification for request id 978
May 17, 2025 2:42:43 PM org.eclipse.lsp4j.jsonrpc.RemoteEndpoint handleCancellation
WARNING: Unmatched cancel notification for request id 994
May 17, 2025 2:42:45 PM scala.meta.internal.metals.StdReporter $anonfun$create$1
WARNING: empty definition using pc, found symbol in pc: `<none>`. (full report at: C:\Users\JohnS\OneDrive\Documents\Local-Repos\Brooklyn-College\.metals\.reports\metals-full\2025-05-17\r_empty-definition_(Brooklyn-College_63c142f3d4)_14-35-33-076.md)
May 17, 2025 2:42:45 PM org.eclipse.lsp4j.jsonrpc.RemoteEndpoint handleCancellation
WARNING: Unmatched cancel notification for request id 1006
2025.05.17 14:42:45 ERROR scalafmt: C:\Users\JohnS\OneDrive\Documents\Local-Repos\Brooklyn-College\.scalafmt.conf: Invalid config: 2 errors
[E0] C:\Users\JohnS\OneDrive\Documents\Local-Repos\Brooklyn-College\.scalafmt.conf:9:0 error: found option 'danglingParentheses' which wasn't expected, or isn't valid in this context.
  danglingParentheses.preset = true
^

[E1] Presets$: top-level presets removed since v3.0.0; use 'danglingParentheses.preset = true' instead

May 17, 2025 2:42:45 PM scala.meta.internal.metals.StdReporter $anonfun$create$1
WARNING: empty definition using pc, found symbol in pc: `<none>`. (full report at: C:\Users\JohnS\OneDrive\Documents\Local-Repos\Brooklyn-College\.metals\.reports\metals-full\2025-05-17\r_empty-definition_(Brooklyn-College_63c142f3d4)_14-35-33-076.md)
May 17, 2025 2:42:45 PM scala.meta.internal.metals.StdReporter $anonfun$create$1
WARNING: empty definition using pc, found symbol in pc: `<none>`. (full report at: C:\Users\JohnS\OneDrive\Documents\Local-Repos\Brooklyn-College\.metals\.reports\metals-full\2025-05-17\r_empty-definition_(Brooklyn-College_63c142f3d4)_14-35-33-076.md)
2025.05.17 14:42:45 INFO  compiling brooklyn-college_63c142f3d4 (1 scala source and 1 java source)
2025.05.17 14:42:45 INFO  time: compiled Brooklyn-College_63c142f3d4 in 0.45s
2025.05.17 14:42:53 ERROR scalafmt: C:\Users\JohnS\OneDrive\Documents\Local-Repos\Brooklyn-College\.scalafmt.conf: Invalid config: 2 errors
[E0] C:\Users\JohnS\OneDrive\Documents\Local-Repos\Brooklyn-College\.scalafmt.conf:9:0 error: found option 'danglingParentheses' which wasn't expected, or isn't valid in this context.
  danglingParentheses.preset = true
^

[E1] Presets$: top-level presets removed since v3.0.0; use 'danglingParentheses.preset = true' instead

May 17, 2025 2:43:53 PM org.eclipse.lsp4j.jsonrpc.RemoteEndpoint handleCancellation
WARNING: Unmatched cancel notification for request id 1020
May 17, 2025 2:44:13 PM scala.meta.internal.metals.StdReporter $anonfun$create$1
WARNING: empty definition using pc, found symbol in pc: `<none>`. (full report at: C:\Users\JohnS\OneDrive\Documents\Local-Repos\Brooklyn-College\.metals\.reports\metals-full\2025-05-17\r_empty-definition_(Brooklyn-College_63c142f3d4)_14-35-33-076.md)
May 17, 2025 2:44:13 PM scala.meta.internal.metals.StdReporter $anonfun$create$1
WARNING: empty definition using pc, found symbol in pc:  (full report at: C:\Users\JohnS\OneDrive\Documents\Local-Repos\Brooklyn-College\.metals\.reports\metals-full\2025-05-17\r_empty-definition_(Brooklyn-College_63c142f3d4)_14-44-13-342.md)
May 17, 2025 2:44:13 PM scala.meta.internal.metals.StdReporter $anonfun$create$1
WARNING: empty definition using pc, found symbol in pc:  (full report at: C:\Users\JohnS\OneDrive\Documents\Local-Repos\Brooklyn-College\.metals\.reports\metals-full\2025-05-17\r_empty-definition_(Brooklyn-College_63c142f3d4)_14-44-13-365.md)
2025.05.17 14:44:13 ERROR scalafmt: C:\Users\JohnS\OneDrive\Documents\Local-Repos\Brooklyn-College\.scalafmt.conf: Invalid config: 2 errors
[E0] C:\Users\JohnS\OneDrive\Documents\Local-Repos\Brooklyn-College\.scalafmt.conf:9:0 error: found option 'danglingParentheses' which wasn't expected, or isn't valid in this context.
  danglingParentheses.preset = true
^

[E1] Presets$: top-level presets removed since v3.0.0; use 'danglingParentheses.preset = true' instead

2025.05.17 14:44:14 INFO  compiling brooklyn-college_63c142f3d4 (1 scala source and 1 java source)
2025.05.17 14:44:14 INFO  time: compiled Brooklyn-College_63c142f3d4 in 0.32s
2025.05.17 14:45:03 ERROR scalafmt: C:\Users\JohnS\OneDrive\Documents\Local-Repos\Brooklyn-College\.scalafmt.conf: Invalid config: 2 errors
[E0] C:\Users\JohnS\OneDrive\Documents\Local-Repos\Brooklyn-College\.scalafmt.conf:9:0 error: found option 'danglingParentheses' which wasn't expected, or isn't valid in this context.
  danglingParentheses.preset = true
^

[E1] Presets$: top-level presets removed since v3.0.0; use 'danglingParentheses.preset = true' instead

2025.05.17 14:45:11 ERROR scalafmt: C:\Users\JohnS\OneDrive\Documents\Local-Repos\Brooklyn-College\.scalafmt.conf: Invalid config: 2 errors
[E0] C:\Users\JohnS\OneDrive\Documents\Local-Repos\Brooklyn-College\.scalafmt.conf:9:0 error: found option 'danglingParentheses' which wasn't expected, or isn't valid in this context.
  danglingParentheses.preset = true
^

[E1] Presets$: top-level presets removed since v3.0.0; use 'danglingParentheses.preset = true' instead

2025.05.17 14:46:07 ERROR scalafmt: C:\Users\JohnS\OneDrive\Documents\Local-Repos\Brooklyn-College\.scalafmt.conf: Invalid config: 2 errors
[E0] C:\Users\JohnS\OneDrive\Documents\Local-Repos\Brooklyn-College\.scalafmt.conf:9:0 error: found option 'danglingParentheses' which wasn't expected, or isn't valid in this context.
  danglingParentheses.preset = true
^

[E1] Presets$: top-level presets removed since v3.0.0; use 'danglingParentheses.preset = true' instead

May 17, 2025 2:46:24 PM org.eclipse.lsp4j.jsonrpc.RemoteEndpoint handleCancellation
WARNING: Unmatched cancel notification for request id 1197
2025.05.17 14:46:31 ERROR scalafmt: C:\Users\JohnS\OneDrive\Documents\Local-Repos\Brooklyn-College\.scalafmt.conf: Invalid config: 2 errors
[E0] C:\Users\JohnS\OneDrive\Documents\Local-Repos\Brooklyn-College\.scalafmt.conf:9:0 error: found option 'danglingParentheses' which wasn't expected, or isn't valid in this context.
  danglingParentheses.preset = true
^

[E1] Presets$: top-level presets removed since v3.0.0; use 'danglingParentheses.preset = true' instead

2025.05.17 14:46:31 INFO  compiling brooklyn-college_63c142f3d4 (1 scala source and 1 java source)
2025.05.17 14:46:31 INFO  time: compiled Brooklyn-College_63c142f3d4 in 0.45s
2025.05.17 14:46:46 ERROR scalafmt: C:\Users\JohnS\OneDrive\Documents\Local-Repos\Brooklyn-College\.scalafmt.conf: Invalid config: 2 errors
[E0] C:\Users\JohnS\OneDrive\Documents\Local-Repos\Brooklyn-College\.scalafmt.conf:9:0 error: found option 'danglingParentheses' which wasn't expected, or isn't valid in this context.
  danglingParentheses.preset = true
^

[E1] Presets$: top-level presets removed since v3.0.0; use 'danglingParentheses.preset = true' instead

